\BOOKMARK [1][-]{section.1}{\376\377\000I\000n\000t\000r\000o\000d\000u\000c\000t\000i\000o\000n}{}% 1
\BOOKMARK [1][-]{section.6}{\376\377\000P\000r\000o\000b\000l\000e\000m\000\040\000A\000n\000a\000l\000y\000s\000i\000s}{}% 2
\BOOKMARK [2][-]{subsection.7}{\376\377\000T\000h\000e\000\040\000O\000f\000f\000l\000i\000n\000e\000\040\000E\000n\000f\000o\000r\000c\000e\000m\000e\000n\000t\000\040\000P\000r\000o\000b\000l\000e\000m}{section.6}% 3
\BOOKMARK [2][-]{subsection.8}{\376\377\000S\000y\000s\000t\000e\000m\000\040\000M\000o\000d\000e\000l}{section.6}% 4
\BOOKMARK [2][-]{subsection.9}{\376\377\000T\000h\000r\000e\000a\000t\000\040\000M\000o\000d\000e\000l\000\040\000a\000n\000d\000\040\000A\000s\000s\000u\000m\000p\000t\000i\000o\000n\000s}{section.6}% 5
\BOOKMARK [2][-]{subsection.17}{\376\377\000C\000o\000n\000c\000e\000p\000t\000u\000a\000l\000\040\000R\000e\000q\000u\000i\000r\000e\000m\000e\000n\000t\000s}{section.6}% 6
\BOOKMARK [2][-]{subsection.24}{\376\377\000G\000a\000p\000\040\000A\000n\000a\000l\000y\000s\000i\000s}{section.6}% 7
\BOOKMARK [2][-]{subsection.27}{\376\377\000M\000e\000c\000h\000a\000n\000i\000s\000m\000-\000L\000e\000v\000e\000l\000\040\000C\000o\000m\000p\000a\000r\000i\000s\000o\000n}{section.6}% 8
\BOOKMARK [1][-]{section.36}{\376\377\000E\000Q\000u\000a\000c\000k\000\040\000M\000o\000d\000e\000l}{}% 9
\BOOKMARK [2][-]{subsection.39}{\376\377\000E\000v\000e\000n\000t\000\040\000L\000o\000g\000\040\000a\000n\000d\000\040\000D\000e\000t\000e\000r\000m\000i\000n\000i\000s\000t\000i\000c\000\040\000D\000e\000n\000y\000-\000W\000i\000n\000s\000\040\000R\000e\000p\000l\000a\000y}{section.36}% 10
\BOOKMARK [2][-]{subsection.42}{\376\377\000A\000u\000t\000h\000o\000r\000i\000z\000a\000t\000i\000o\000n\000\040\000E\000p\000o\000c\000h\000s\000\040\000v\000i\000a\000\040\000V\000e\000r\000i\000f\000i\000a\000b\000l\000e\000\040\000C\000r\000e\000d\000e\000n\000t\000i\000a\000l\000s\000\040\000a\000n\000d\000\040\000S\000t\000a\000t\000u\000s\000\040\000L\000i\000s\000t\000s}{section.36}% 11
\BOOKMARK [2][-]{subsection.44}{\376\377\000P\000o\000l\000i\000c\000y\000\040\000S\000e\000m\000a\000n\000t\000i\000c\000s\000\040\000\050\000C\000e\000d\000a\000r\000\051\000\040\000a\000n\000d\000\040\000D\000e\000n\000y\000-\000O\000v\000e\000r\000r\000i\000d\000e\000s\000\040\000A\000l\000i\000g\000n\000m\000e\000n\000t}{section.36}% 12
\BOOKMARK [2][-]{subsection.52}{\376\377\000T\000a\000m\000p\000e\000r\000-\000E\000v\000i\000d\000e\000n\000t\000\040\000A\000u\000d\000i\000t\000\040\000T\000r\000a\000i\000l}{section.36}% 13
\BOOKMARK [2][-]{subsection.53}{\376\377\000C\000o\000n\000f\000i\000d\000e\000n\000t\000i\000a\000l\000i\000t\000y\000\040\000a\000n\000d\000\040\000K\000e\000y\000\040\000R\000o\000t\000a\000t\000i\000o\000n}{section.36}% 14
\BOOKMARK [2][-]{subsection.54}{\376\377\000F\000o\000r\000m\000a\000l\000\040\000M\000o\000d\000e\000l\000\040\000a\000n\000d\000\040\000G\000u\000a\000r\000a\000n\000t\000e\000e\000s}{section.36}% 15
\BOOKMARK [3][-]{subsubsection.59}{\376\377\000M\000a\000i\000n\000\040\000T\000h\000e\000o\000r\000e\000m\000s\000\040\000\050\000F\000o\000r\000m\000a\000l\000\040\000G\000u\000a\000r\000a\000n\000t\000e\000e\000s\000\051}{subsection.54}% 16
\BOOKMARK [1][-]{section.60}{\376\377\000I\000m\000p\000l\000e\000m\000e\000n\000t\000a\000t\000i\000o\000n}{}% 17
\BOOKMARK [1][-]{section.63}{\376\377\000E\000v\000a\000l\000u\000a\000t\000i\000o\000n}{}% 18
\BOOKMARK [2][-]{subsection.64}{\376\377\000M\000e\000t\000h\000o\000d\000o\000l\000o\000g\000y}{section.63}% 19
\BOOKMARK [2][-]{subsection.69}{\376\377\000C\000o\000r\000r\000e\000c\000t\000n\000e\000s\000s}{section.63}% 20
\BOOKMARK [2][-]{subsection.81}{\376\377\000P\000e\000r\000f\000o\000r\000m\000a\000n\000c\000e}{section.63}% 21
\BOOKMARK [2][-]{subsection.96}{\376\377\000L\000i\000m\000i\000t\000a\000t\000i\000o\000n\000s\000\040\000a\000n\000d\000\040\000T\000h\000r\000e\000a\000t\000s\000\040\000t\000o\000\040\000V\000a\000l\000i\000d\000i\000t\000y}{section.63}% 22
\BOOKMARK [1][-]{section.97}{\376\377\000D\000i\000s\000c\000u\000s\000s\000i\000o\000n}{}% 23
\BOOKMARK [1][-]{section.107}{\376\377\000C\000o\000n\000c\000l\000u\000s\000i\000o\000n}{}% 24
\BOOKMARK [1][-]{section*.108}{\376\377\000R\000e\000f\000e\000r\000e\000n\000c\000e\000s}{}% 25
\BOOKMARK [1][-]{IEEEbiography.109}{\376\377\000B\000i\000o\000g\000r\000a\000p\000h\000i\000e\000s}{}% 26
\BOOKMARK [2][-]{IEEEbiography.110}{\376\377\000A\000d\000i\000t\000y\000a\000\040\000S\000i\000s\000s\000o\000d\000i\000y\000a}{IEEEbiography.109}% 27
\BOOKMARK [2][-]{IEEEbiography.111}{\376\377\000J\000o\000h\000a\000n\000\040\000K\000r\000i\000s\000t\000i\000a\000n\000s\000s\000o\000n}{IEEEbiography.109}% 28
\BOOKMARK [2][-]{IEEEbiography.112}{\376\377\000E\000r\000i\000c\000\040\000C\000h\000i\000q\000u\000i\000t\000o}{IEEEbiography.109}% 29
\BOOKMARK [2][-]{IEEEbiography.113}{\376\377\000U\000l\000f\000\040\000B\000o\000d\000i\000n}{IEEEbiography.109}% 30
