\BOOKMARK [1][-]{section.1}{\376\377\000I\000n\000t\000r\000o\000d\000u\000c\000t\000i\000o\000n}{}% 1
\BOOKMARK [2][-]{subsection.2}{\376\377\000P\000r\000o\000p\000e\000r\000t\000i\000e\000s\000\040\000a\000n\000d\000\040\000D\000e\000s\000i\000g\000n\000\040\000D\000r\000i\000v\000e\000r\000s\000\040\000\050\000P\0001\040\023\000P\0008\000\051}{section.1}% 2
\BOOKMARK [1][-]{section.11}{\376\377\000G\000a\000p\000\040\000A\000n\000a\000l\000y\000s\000i\000s}{}% 3
\BOOKMARK [1][-]{section.20}{\376\377\000E\000C\000A\000C\000\040\000M\000o\000d\000e\000l\000:}{}% 4
\BOOKMARK [2][-]{subsection.23}{\376\377\000E\000v\000e\000n\000t\000\040\000L\000o\000g\000\040\000a\000n\000d\000\040\000D\000e\000t\000e\000r\000m\000i\000n\000i\000s\000t\000i\000c\000\040\000D\000e\000n\000y\000-\000W\000i\000n\000s\000\040\000R\000e\000p\000l\000a\000y}{section.20}% 5
\BOOKMARK [2][-]{subsection.26}{\376\377\000A\000u\000t\000h\000o\000r\000i\000z\000a\000t\000i\000o\000n\000\040\000E\000p\000o\000c\000h\000s\000\040\000v\000i\000a\000\040\000V\000e\000r\000i\000f\000i\000a\000b\000l\000e\000\040\000C\000r\000e\000d\000e\000n\000t\000i\000a\000l\000s\000\040\000a\000n\000d\000\040\000S\000t\000a\000t\000u\000s\000\040\000L\000i\000s\000t\000s}{section.20}% 6
\BOOKMARK [2][-]{subsection.29}{\376\377\000P\000o\000l\000i\000c\000y\000\040\000S\000e\000m\000a\000n\000t\000i\000c\000s\000\040\000\050\000C\000e\000d\000a\000r\000\051\000\040\000a\000n\000d\000\040\000D\000e\000n\000y\000-\000O\000v\000e\000r\000r\000i\000d\000e\000s\000\040\000A\000l\000i\000g\000n\000m\000e\000n\000t}{section.20}% 7
\BOOKMARK [2][-]{subsection.30}{\376\377\000C\000o\000n\000f\000i\000d\000e\000n\000t\000i\000a\000l\000i\000t\000y\000\040\000a\000n\000d\000\040\000F\000o\000r\000w\000a\000r\000d\000\040\000S\000e\000c\000r\000e\000c\000y}{section.20}% 8
\BOOKMARK [2][-]{subsection.31}{\376\377\000F\000o\000r\000m\000a\000l\000\040\000G\000u\000a\000r\000a\000n\000t\000e\000e\000s\000\040\000\050\000P\000r\000o\000o\000f\000\040\000S\000k\000e\000t\000c\000h\000e\000s\000\051}{section.20}% 9
\BOOKMARK [3][-]{subsubsection.32}{\376\377\000C\000o\000n\000v\000e\000r\000g\000e\000n\000c\000e\000\040\000\050\000S\000a\000m\000e\000\040\000e\000v\000e\000n\000t\000s\000\040\041\222\000\040\000s\000a\000m\000e\000\040\000s\000t\000a\000t\000e\000\051}{subsection.31}% 10
\BOOKMARK [3][-]{subsubsection.33}{\376\377\000P\000o\000l\000i\000c\000y\000\040\000S\000a\000f\000e\000t\000y\000\040\000\050\000N\000o\000\040\000u\000n\000a\000u\000t\000h\000o\000r\000i\000z\000e\000d\000\040\000e\000f\000f\000e\000c\000t\000s\000\040\000i\000n\000\040\000f\000i\000n\000a\000l\000\040\000s\000t\000a\000t\000e\000\051}{subsection.31}% 11
\BOOKMARK [3][-]{subsubsection.34}{\376\377\000D\000e\000t\000e\000r\000m\000i\000n\000i\000s\000m\000\040\000\050\000R\000e\000p\000l\000a\000y\000\040\000i\000s\000\040\000a\000\040\000p\000u\000r\000e\000\040\000f\000u\000n\000c\000t\000i\000o\000n\000\040\000o\000f\000\040\000t\000h\000e\000\040\000D\000A\000G\000\051}{subsection.31}% 12
\BOOKMARK [3][-]{subsubsection.39}{\376\377\000A\000u\000d\000i\000t\000\040\000I\000n\000t\000e\000g\000r\000i\000t\000y\000\040\000\050\000A\000u\000d\000i\000t\000\040\000e\000q\000u\000a\000l\000s\000\040\000s\000e\000m\000a\000n\000t\000i\000c\000\040\000t\000r\000a\000c\000e\000;\000\040\000t\000a\000m\000p\000e\000r\000-\000e\000v\000i\000d\000e\000n\000t\000\040\000c\000h\000a\000i\000n\000\051}{subsection.31}% 13
\BOOKMARK [3][-]{subsubsection.40}{\376\377\000F\000o\000r\000w\000a\000r\000d\000\040\000S\000e\000c\000r\000e\000c\000y\000\040\000\050\000P\000o\000s\000t\000-\000r\000o\000t\000a\000t\000i\000o\000n\000\040\000u\000n\000r\000e\000a\000d\000a\000b\000i\000l\000i\000t\000y\000\051}{subsection.31}% 14
\BOOKMARK [2][-]{subsection.41}{\376\377\000E\000C\000A\000C\000\040\000M\000o\000d\000e\000l\000\040\000a\000n\000d\000\040\000G\000u\000a\000r\000a\000n\000t\000e\000e\000s}{section.20}% 15
\BOOKMARK [1][-]{section.51}{\376\377\000E\000v\000a\000l\000u\000a\000t\000i\000o\000n}{}% 16
\BOOKMARK [2][-]{subsection.52}{\376\377\000E\000x\000p\000e\000r\000i\000m\000e\000n\000t\000a\000l\000\040\000M\000e\000t\000h\000o\000d\000o\000l\000o\000g\000y}{section.51}% 17
\BOOKMARK [3][-]{subsubsection.53}{\376\377\000I\000m\000p\000l\000e\000m\000e\000n\000t\000a\000t\000i\000o\000n}{subsection.52}% 18
\BOOKMARK [3][-]{subsubsection.54}{\376\377\000T\000e\000s\000t\000b\000e\000d\000\040\000C\000o\000n\000f\000i\000g\000u\000r\000a\000t\000i\000o\000n}{subsection.52}% 19
\BOOKMARK [3][-]{subsubsection.55}{\376\377\000W\000o\000r\000k\000l\000o\000a\000d\000s}{subsection.52}% 20
\BOOKMARK [3][-]{subsubsection.58}{\376\377\000M\000e\000t\000r\000i\000c\000s}{subsection.52}% 21
\BOOKMARK [3][-]{subsubsection.59}{\376\377\000E\000x\000p\000e\000r\000i\000m\000e\000n\000t\000\040\000D\000e\000s\000i\000g\000n}{subsection.52}% 22
\BOOKMARK [2][-]{subsection.65}{\376\377\000P\000r\000o\000p\000e\000r\000t\000y\000\040\000V\000a\000l\000i\000d\000a\000t\000i\000o\000n}{section.51}% 23
\BOOKMARK [3][-]{subsubsection.66}{\376\377\000E\000x\000p\000e\000r\000i\000m\000e\000n\000t\000\040\000E\0001\000:\000\040\000C\000o\000n\000v\000e\000r\000g\000e\000n\000c\000e\000\040\000U\000n\000d\000e\000r\000\040\000R\000a\000n\000d\000o\000m\000\040\000O\000r\000d\000e\000r\000i\000n\000g}{subsection.65}% 24
\BOOKMARK [3][-]{subsubsection.67}{\376\377\000E\000x\000p\000e\000r\000i\000m\000e\000n\000t\000\040\000E\0002\000:\000\040\000C\000r\000o\000s\000s\000-\000P\000l\000a\000t\000f\000o\000r\000m\000\040\000C\000o\000n\000v\000e\000r\000g\000e\000n\000c\000e}{subsection.65}% 25
\BOOKMARK [3][-]{subsubsection.68}{\376\377\000E\000x\000p\000e\000r\000i\000m\000e\000n\000t\000\040\000E\0003\000:\000\040\000R\000e\000v\000o\000c\000a\000t\000i\000o\000n\000\040\000C\000o\000r\000r\000e\000c\000t\000n\000e\000s\000s\000\040\000\050\000D\000e\000n\000y\000-\000W\000i\000n\000s\000\051}{subsection.65}% 26
\BOOKMARK [3][-]{subsubsection.74}{\376\377\000E\000x\000p\000e\000r\000i\000m\000e\000n\000t\000\040\000E\0004\000:\000\040\000M\000u\000l\000t\000i\000-\000A\000u\000t\000h\000o\000r\000i\000t\000y\000\040\000C\000o\000n\000f\000l\000i\000c\000t\000\040\000R\000e\000s\000o\000l\000u\000t\000i\000o\000n}{subsection.65}% 27
\BOOKMARK [3][-]{subsubsection.75}{\376\377\000E\000x\000p\000e\000r\000i\000m\000e\000n\000t\000\040\000E\0005\000:\000\040\000A\000u\000d\000i\000t\000\040\000I\000n\000t\000e\000g\000r\000i\000t\000y}{subsection.65}% 28
\BOOKMARK [2][-]{subsection.76}{\376\377\000S\000c\000a\000l\000a\000b\000i\000l\000i\000t\000y\000\040\000a\000n\000d\000\040\000P\000e\000r\000f\000o\000r\000m\000a\000n\000c\000e}{section.51}% 29
\BOOKMARK [3][-]{subsubsection.77}{\376\377\000E\000x\000p\000e\000r\000i\000m\000e\000n\000t\000\040\000E\0006\000:\000\040\000R\000e\000p\000l\000a\000y\000\040\000T\000i\000m\000e\000\040\000S\000c\000a\000l\000i\000n\000g}{subsection.76}% 30
\BOOKMARK [3][-]{subsubsection.82}{\376\377\000E\000x\000p\000e\000r\000i\000m\000e\000n\000t\000\040\000E\0007\000:\000\040\000T\000h\000r\000o\000u\000g\000h\000p\000u\000t\000\040\000U\000n\000d\000e\000r\000\040\000C\000o\000n\000c\000u\000r\000r\000e\000n\000c\000y}{subsection.76}% 31
\BOOKMARK [3][-]{subsubsection.87}{\376\377\000E\000x\000p\000e\000r\000i\000m\000e\000n\000t\000\040\000E\0008\000:\000\040\000S\000t\000o\000r\000a\000g\000e\000\040\000G\000r\000o\000w\000t\000h}{subsection.76}% 32
\BOOKMARK [3][-]{subsubsection.88}{\376\377\000E\000x\000p\000e\000r\000i\000m\000e\000n\000t\000\040\000E\0009\000:\000\040\000M\000e\000m\000o\000r\000y\000\040\000P\000r\000o\000f\000i\000l\000i\000n\000g}{subsection.76}% 33
\BOOKMARK [3][-]{subsubsection.89}{\376\377\000E\000x\000p\000e\000r\000i\000m\000e\000n\000t\000\040\000E\0001\0000\000:\000\040\000C\000h\000e\000c\000k\000p\000o\000i\000n\000t\000\040\000E\000f\000f\000i\000c\000i\000e\000n\000c\000y}{subsection.76}% 34
\BOOKMARK [2][-]{subsection.94}{\376\377\000R\000e\000v\000o\000c\000a\000t\000i\000o\000n\000\040\000P\000r\000o\000p\000a\000g\000a\000t\000i\000o\000n}{section.51}% 35
\BOOKMARK [3][-]{subsubsection.95}{\376\377\000E\000x\000p\000e\000r\000i\000m\000e\000n\000t\000\040\000E\0001\0001\000:\000\040\000R\000e\000v\000o\000c\000a\000t\000i\000o\000n\000\040\000U\000n\000d\000e\000r\000\040\000P\000a\000r\000t\000i\000t\000i\000o\000n}{subsection.94}% 36
\BOOKMARK [3][-]{subsubsection.96}{\376\377\000E\000x\000p\000e\000r\000i\000m\000e\000n\000t\000\040\000E\0001\0002\000:\000\040\000S\000y\000n\000c\000\040\000C\000o\000n\000v\000e\000r\000g\000e\000n\000c\000e\000\040\000T\000i\000m\000e}{subsection.94}% 37
\BOOKMARK [2][-]{subsection.97}{\376\377\000C\000o\000n\000f\000i\000d\000e\000n\000t\000i\000a\000l\000i\000t\000y\000\040\000O\000v\000e\000r\000h\000e\000a\000d}{section.51}% 38
\BOOKMARK [3][-]{subsubsection.98}{\376\377\000E\000x\000p\000e\000r\000i\000m\000e\000n\000t\000\040\000E\0001\0003\000:\000\040\000P\000e\000r\000-\000T\000a\000g\000\040\000E\000n\000c\000r\000y\000p\000t\000i\000o\000n\000\040\000C\000o\000s\000t}{subsection.97}% 39
\BOOKMARK [3][-]{subsubsection.99}{\376\377\000E\000x\000p\000e\000r\000i\000m\000e\000n\000t\000\040\000E\0001\0004\000:\000\040\000K\000e\000y\000\040\000R\000o\000t\000a\000t\000i\000o\000n\000\040\000O\000v\000e\000r\000h\000e\000a\000d}{subsection.97}% 40
\BOOKMARK [2][-]{subsection.100}{\376\377\000L\000i\000m\000i\000t\000a\000t\000i\000o\000n\000s\000\040\000a\000n\000d\000\040\000T\000h\000r\000e\000a\000t\000s\000\040\000t\000o\000\040\000V\000a\000l\000i\000d\000i\000t\000y}{section.51}% 41
\BOOKMARK [3][-]{subsubsection.101}{\376\377\000I\000n\000h\000e\000r\000e\000n\000t\000\040\000L\000i\000m\000i\000t\000a\000t\000i\000o\000n\000s}{subsection.100}% 42
\BOOKMARK [3][-]{subsubsection.102}{\376\377\000T\000h\000r\000e\000a\000t\000s\000\040\000t\000o\000\040\000V\000a\000l\000i\000d\000i\000t\000y}{subsection.100}% 43
\BOOKMARK [1][-]{section.103}{\376\377\000C\000o\000n\000c\000l\000u\000s\000i\000o\000n}{}% 44
\BOOKMARK [2][-]{subsection.104}{\376\377\000S\000u\000m\000m\000a\000r\000y\000\040\000o\000f\000\040\000C\000o\000n\000t\000r\000i\000b\000u\000t\000i\000o\000n\000s}{section.103}% 45
\BOOKMARK [2][-]{subsection.113}{\376\377\000K\000e\000y\000\040\000F\000i\000n\000d\000i\000n\000g\000s}{section.103}% 46
\BOOKMARK [2][-]{subsection.114}{\376\377\000L\000i\000m\000i\000t\000a\000t\000i\000o\000n\000s}{section.103}% 47
\BOOKMARK [2][-]{subsection.115}{\376\377\000F\000u\000t\000u\000r\000e\000\040\000W\000o\000r\000k}{section.103}% 48
\BOOKMARK [1][-]{section*.122}{\376\377\000R\000e\000f\000e\000r\000e\000n\000c\000e\000s}{}% 49
